# JRE version: OpenJDK Runtime Environment (8.0_152-b01) (build 1.8.0_152-release-915-b01)
# Java VM: OpenJDK 64-Bit Server VM (25.152-b01 mixed mode windows-amd64 compressed oops)
Heap:
 PSYoungGen      total 294912K, used 72605K [0x00000000eab00000, 0x0000000100000000, 0x0000000100000000)
  eden space 261632K, 18% used [0x00000000eab00000,0x00000000edad1218,0x00000000faa80000)
  from space 33280K, 71% used [0x00000000faa80000,0x00000000fc196560,0x00000000fcb00000)
  to   space 35328K, 0% used [0x00000000fdd80000,0x00000000fdd80000,0x0000000100000000)
 ParOldGen       total 104960K, used 49663K [0x00000000c0000000, 0x00000000c6680000, 0x00000000eab00000)
  object space 104960K, 47% used [0x00000000c0000000,0x00000000c307ffa0,0x00000000c6680000)
 Metaspace       used 84977K, capacity 88638K, committed 88980K, reserved 1126400K
  class space    used 11030K, capacity 11884K, committed 11964K, reserved 1048576K
GC Heap History (10 events):
Event: 28.214 GC heap before
{Heap before GC invocations=14 (full 3):
 PSYoungGen      total 209408K, used 21497K [0x00000000eab00000, 0x00000000fe380000, 0x0000000100000000)
  eden space 187904K, 0% used [0x00000000eab00000,0x00000000eab00000,0x00000000f6280000)
  from space 21504K, 99% used [0x00000000f6280000,0x00000000f777e5b0,0x00000000f7780000)
  to   space 26624K, 0% used [0x00000000fc980000,0x00000000fc980000,0x00000000fe380000)
 ParOldGen       total 58368K, used 34542K [0x00000000c0000000, 0x00000000c3900000, 0x00000000eab00000)
  object space 58368K, 59% used [0x00000000c0000000,0x00000000c21bba20,0x00000000c3900000)
 Metaspace       used 56616K, capacity 58950K, committed 59028K, reserved 1099776K
  class space    used 7709K, capacity 8328K, committed 8380K, reserved 1048576K
Event: 30.057 GC heap after
Heap after GC invocations=14 (full 3):
 PSYoungGen      total 209408K, used 0K [0x00000000eab00000, 0x00000000fe380000, 0x0000000100000000)
  eden space 187904K, 0% used [0x00000000eab00000,0x00000000eab00000,0x00000000f6280000)
  from space 21504K, 0% used [0x00000000f6280000,0x00000000f6280000,0x00000000f7780000)
  to   space 26624K, 0% used [0x00000000fc980000,0x00000000fc980000,0x00000000fe380000)
 ParOldGen       total 104960K, used 45757K [0x00000000c0000000, 0x00000000c6680000, 0x00000000eab00000)
  object space 104960K, 43% used [0x00000000c0000000,0x00000000c2caf558,0x00000000c6680000)
 Metaspace       used 56616K, capacity 58950K, committed 59028K, reserved 1099776K
  class space    used 7709K, capacity 8328K, committed 8380K, reserved 1048576K
}
Event: 144.854 GC heap before
{Heap before GC invocations=15 (full 3):
 PSYoungGen      total 209408K, used 187904K [0x00000000eab00000, 0x00000000fe380000, 0x0000000100000000)
  eden space 187904K, 100% used [0x00000000eab00000,0x00000000f6280000,0x00000000f6280000)
  from space 21504K, 0% used [0x00000000f6280000,0x00000000f6280000,0x00000000f7780000)
  to   space 26624K, 0% used [0x00000000fc980000,0x00000000fc980000,0x00000000fe380000)
 ParOldGen       total 104960K, used 45757K [0x00000000c0000000, 0x00000000c6680000, 0x00000000eab00000)
  object space 104960K, 43% used [0x00000000c0000000,0x00000000c2caf558,0x00000000c6680000)
 Metaspace       used 63450K, capacity 66522K, committed 66836K, reserved 1107968K
  class space    used 8444K, capacity 9200K, committed 9276K, reserved 1048576K
Event: 144.887 GC heap after
Heap after GC invocations=15 (full 3):
 PSYoungGen      total 235008K, used 8462K [0x00000000eab00000, 0x00000000fd200000, 0x0000000100000000)
  eden space 226304K, 0% used [0x00000000eab00000,0x00000000eab00000,0x00000000f8800000)
  from space 8704K, 97% used [0x00000000fc980000,0x00000000fd1c3948,0x00000000fd200000)
  to   space 25600K, 0% used [0x00000000fa000000,0x00000000fa000000,0x00000000fb900000)
 ParOldGen       total 104960K, used 45765K [0x00000000c0000000, 0x00000000c6680000, 0x00000000eab00000)
  object space 104960K, 43% used [0x00000000c0000000,0x00000000c2cb1558,0x00000000c6680000)
 Metaspace       used 63450K, capacity 66522K, committed 66836K, reserved 1107968K
  class space    used 8444K, capacity 9200K, committed 9276K, reserved 1048576K
}
Event: 156.587 GC heap before
{Heap before GC invocations=16 (full 3):
 PSYoungGen      total 235008K, used 234766K [0x00000000eab00000, 0x00000000fd200000, 0x0000000100000000)
  eden space 226304K, 100% used [0x00000000eab00000,0x00000000f8800000,0x00000000f8800000)
  from space 8704K, 97% used [0x00000000fc980000,0x00000000fd1c3948,0x00000000fd200000)
  to   space 25600K, 0% used [0x00000000fa000000,0x00000000fa000000,0x00000000fb900000)
 ParOldGen       total 104960K, used 45765K [0x00000000c0000000, 0x00000000c6680000, 0x00000000eab00000)
  object space 104960K, 43% used [0x00000000c0000000,0x00000000c2cb1558,0x00000000c6680000)
 Metaspace       used 78082K, capacity 81566K, committed 81812K, reserved 1120256K
  class space    used 10088K, capacity 10890K, committed 10940K, reserved 1048576K
Event: 156.671 GC heap after
Heap after GC invocations=16 (full 3):
 PSYoungGen      total 276480K, used 23074K [0x00000000eab00000, 0x00000000fe700000, 0x0000000100000000)
  eden space 250880K, 0% used [0x00000000eab00000,0x00000000eab00000,0x00000000fa000000)
  from space 25600K, 90% used [0x00000000fa000000,0x00000000fb688ae0,0x00000000fb900000)
  to   space 28672K, 0% used [0x00000000fcb00000,0x00000000fcb00000,0x00000000fe700000)
 ParOldGen       total 104960K, used 45765K [0x00000000c0000000, 0x00000000c6680000, 0x00000000eab00000)
  object space 104960K, 43% used [0x00000000c0000000,0x00000000c2cb1558,0x00000000c6680000)
 Metaspace       used 78082K, capacity 81566K, committed 81812K, reserved 1120256K
  class space    used 10088K, capacity 10890K, committed 10940K, reserved 1048576K
}
Event: 157.809 GC heap before
{Heap before GC invocations=17 (full 3):
 PSYoungGen      total 276480K, used 249260K [0x00000000eab00000, 0x00000000fe700000, 0x0000000100000000)
  eden space 250880K, 90% used [0x00000000eab00000,0x00000000f87e2860,0x00000000fa000000)
  from space 25600K, 90% used [0x00000000fa000000,0x00000000fb688ae0,0x00000000fb900000)
  to   space 28672K, 0% used [0x00000000fcb00000,0x00000000fcb00000,0x00000000fe700000)
 ParOldGen       total 104960K, used 45765K [0x00000000c0000000, 0x00000000c6680000, 0x00000000eab00000)
  object space 104960K, 43% used [0x00000000c0000000,0x00000000c2cb1558,0x00000000c6680000)
 Metaspace       used 83302K, capacity 86902K, committed 87188K, reserved 1124352K
  class space    used 10796K, capacity 11632K, committed 11708K, reserved 1048576K
Event: 157.888 GC heap after
Heap after GC invocations=17 (full 3):
 PSYoungGen      total 290304K, used 28670K [0x00000000eab00000, 0x0000000100000000, 0x0000000100000000)
  eden space 261632K, 0% used [0x00000000eab00000,0x00000000eab00000,0x00000000faa80000)
  from space 28672K, 99% used [0x00000000fcb00000,0x00000000fe6ffb28,0x00000000fe700000)
  to   space 33280K, 0% used [0x00000000faa80000,0x00000000faa80000,0x00000000fcb00000)
 ParOldGen       total 104960K, used 46144K [0x00000000c0000000, 0x00000000c6680000, 0x00000000eab00000)
  object space 104960K, 43% used [0x00000000c0000000,0x00000000c2d100a0,0x00000000c6680000)
 Metaspace       used 83302K, capacity 86902K, committed 87188K, reserved 1124352K
  class space    used 10796K, capacity 11632K, committed 11708K, reserved 1048576K
}
Event: 158.317 GC heap before
{Heap before GC invocations=18 (full 3):
 PSYoungGen      total 290304K, used 265466K [0x00000000eab00000, 0x0000000100000000, 0x0000000100000000)
  eden space 261632K, 90% used [0x00000000eab00000,0x00000000f923ed38,0x00000000faa80000)
  from space 28672K, 99% used [0x00000000fcb00000,0x00000000fe6ffb28,0x00000000fe700000)
  to   space 33280K, 0% used [0x00000000faa80000,0x00000000faa80000,0x00000000fcb00000)
 ParOldGen       total 104960K, used 46144K [0x00000000c0000000, 0x00000000c6680000, 0x00000000eab00000)
  object space 104960K, 43% used [0x00000000c0000000,0x00000000c2d100a0,0x00000000c6680000)
 Metaspace       used 84940K, capacity 88604K, committed 88980K, reserved 1126400K
  class space    used 11021K, capacity 11851K, committed 11964K, reserved 1048576K
Event: 158.379 GC heap after
Heap after GC invocations=18 (full 3):
 PSYoungGen      total 294912K, used 23641K [0x00000000eab00000, 0x0000000100000000, 0x0000000100000000)
  eden space 261632K, 0% used [0x00000000eab00000,0x00000000eab00000,0x00000000faa80000)
  from space 33280K, 71% used [0x00000000faa80000,0x00000000fc196560,0x00000000fcb00000)
  to   space 35328K, 0% used [0x00000000fdd80000,0x00000000fdd80000,0x0000000100000000)
 ParOldGen       total 104960K, used 49663K [0x00000000c0000000, 0x00000000c6680000, 0x00000000eab00000)
  object space 104960K, 47% used [0x00000000c0000000,0x00000000c307ffa0,0x00000000c6680000)
 Metaspace       used 84940K, capacity 88604K, committed 88980K, reserved 1126400K
  class space    used 11021K, capacity 11851K, committed 11964K, reserved 1048576K
}

